Added Component: Designator=ALIMENTACION 3.3(BORNERA2)
Add component. Clean all parameters for all variants
Added Component: Designator=ALIMENTACION 5V(BORNERA2)
Add component. Clean all parameters for all variants
Added Component: Designator=AND3(DIP14)
Add component. Clean all parameters for all variants
Added Component: Designator=CLOCK(BORNERA2)
Add component. Clean all parameters for all variants
Added Component: Designator=FFD(DIP14)
Add component. Clean all parameters for all variants
Added Component: Designator=INOUT(SIP2)
Add component. Clean all parameters for all variants
Added Component: Designator=INVERTER OPENC(DIP14)
Add component. Clean all parameters for all variants
Added Component: Designator=OR(DIP14)
Add component. Clean all parameters for all variants
Added Component: Designator=R1(RES400)
Add component. Clean all parameters for all variants
Added Component: Designator=R2(RES400)
Add component. Clean all parameters for all variants
Added Pin To Net: NetName=+5 Pin=ALIMENTACION 5V-1
Added Pin To Net: NetName=+5 Pin=R2-2
Added Net: Name=+5
Added Pin To Net: NetName=CLK Pin=CLOCK-1
Added Pin To Net: NetName=CLK Pin=FFD-3
Added Pin To Net: NetName=CLK Pin=FFD-11
Added Net: Name=CLK
Added Pin To Net: NetName=D1 Pin=FFD-2
Added Pin To Net: NetName=D1 Pin=OR-3
Added Net: Name=D1
Added Pin To Net: NetName=D2 Pin=AND3-8
Added Pin To Net: NetName=D2 Pin=FFD-12
Added Net: Name=D2
Added Pin To Net: NetName=GND Pin=ALIMENTACION 3.3-2
Added Pin To Net: NetName=GND Pin=ALIMENTACION 5V-2
Added Pin To Net: NetName=GND Pin=AND3-7
Added Pin To Net: NetName=GND Pin=CLOCK-2
Added Pin To Net: NetName=GND Pin=FFD-7
Added Pin To Net: NetName=GND Pin=INVERTER OPENC-7
Added Pin To Net: NetName=GND Pin=OR-7
Added Net: Name=GND
Added Pin To Net: NetName=INPUT Pin=INOUT-2
Added Pin To Net: NetName=INPUT Pin=INVERTER OPENC-1
Added Net: Name=INPUT
Added Pin To Net: NetName=O1 Pin=AND3-12
Added Pin To Net: NetName=O1 Pin=OR-1
Added Net: Name=O1
Added Pin To Net: NetName=O2 Pin=AND3-6
Added Pin To Net: NetName=O2 Pin=OR-2
Added Net: Name=O2
Added Pin To Net: NetName=OUTN Pin=INVERTER OPENC-3
Added Pin To Net: NetName=OUTN Pin=OR-6
Added Net: Name=OUTN
Added Pin To Net: NetName=OUTPUT Pin=INOUT-1
Added Pin To Net: NetName=OUTPUT Pin=INVERTER OPENC-4
Added Pin To Net: NetName=OUTPUT Pin=R2-1
Added Net: Name=OUTPUT
Added Pin To Net: NetName=Q1N Pin=AND3-2
Added Pin To Net: NetName=Q1N Pin=AND3-11
Added Pin To Net: NetName=Q1N Pin=FFD-6
Added Pin To Net: NetName=Q1N Pin=OR-4
Added Net: Name=Q1N
Added Pin To Net: NetName=Q1 Pin=AND3-3
Added Pin To Net: NetName=Q1 Pin=FFD-5
Added Net: Name=Q1
Added Pin To Net: NetName=Q2N Pin=AND3-5
Added Pin To Net: NetName=Q2N Pin=AND3-10
Added Pin To Net: NetName=Q2N Pin=FFD-8
Added Net: Name=Q2N
Added Pin To Net: NetName=Q2 Pin=AND3-13
Added Pin To Net: NetName=Q2 Pin=FFD-9
Added Pin To Net: NetName=Q2 Pin=OR-5
Added Net: Name=Q2
Added Pin To Net: NetName=VCC Pin=ALIMENTACION 3.3-1
Added Pin To Net: NetName=VCC Pin=AND3-14
Added Pin To Net: NetName=VCC Pin=FFD-1
Added Pin To Net: NetName=VCC Pin=FFD-4
Added Pin To Net: NetName=VCC Pin=FFD-10
Added Pin To Net: NetName=VCC Pin=FFD-13
Added Pin To Net: NetName=VCC Pin=FFD-14
Added Pin To Net: NetName=VCC Pin=INVERTER OPENC-14
Added Pin To Net: NetName=VCC Pin=OR-14
Added Pin To Net: NetName=VCC Pin=R1-2
Added Net: Name=VCC
Added Pin To Net: NetName=W Pin=AND3-1
Added Pin To Net: NetName=W Pin=AND3-4
Added Pin To Net: NetName=W Pin=AND3-9
Added Pin To Net: NetName=W Pin=INVERTER OPENC-2
Added Pin To Net: NetName=W Pin=R1-1
Added Net: Name=W
Added Class: Name=Schematic
Added Room: Name=Schematic
