Added Component: Designator=3.3V(BORNERA2)
Add component. Clean all parameters for all variants
Added Component: Designator=5V(BORNERA2)
Add component. Clean all parameters for all variants
Added Component: Designator=AND3(DIP14)
Add component. Clean all parameters for all variants
Added Component: Designator=CLK(BORNERA2)
Add component. Clean all parameters for all variants
Added Component: Designator=FFD(DIP14)
Add component. Clean all parameters for all variants
Added Component: Designator=INOUT(SIP2)
Add component. Clean all parameters for all variants
Added Component: Designator=MOSFET1(TO92)
Add component. Clean all parameters for all variants
Added Component: Designator=MOSFET2(TO92)
Add component. Clean all parameters for all variants
Added Component: Designator=OR(DIP14)
Add component. Clean all parameters for all variants
Added Component: Designator=R1(RES400)
Add component. Clean all parameters for all variants
Added Component: Designator=R2(RES400)
Add component. Clean all parameters for all variants
Added Pin To Net: NetName=VCC Pin=3.3V-1
Added Pin To Net: NetName=GND Pin=3.3V-2
Added Pin To Net: NetName=+5 Pin=5V-1
Added Pin To Net: NetName=GND Pin=5V-2
Added Pin To Net: NetName=W Pin=AND3-1
Added Pin To Net: NetName=Q1N Pin=AND3-2
Added Pin To Net: NetName=Q1 Pin=AND3-3
Added Pin To Net: NetName=W Pin=AND3-4
Added Pin To Net: NetName=Q2N Pin=AND3-5
Added Pin To Net: NetName=O2 Pin=AND3-6
Added Pin To Net: NetName=GND Pin=AND3-7
Added Pin To Net: NetName=D2 Pin=AND3-8
Added Pin To Net: NetName=W Pin=AND3-9
Added Pin To Net: NetName=Q2N Pin=AND3-10
Added Pin To Net: NetName=Q1N Pin=AND3-11
Added Pin To Net: NetName=O1 Pin=AND3-12
Added Pin To Net: NetName=Q2 Pin=AND3-13
Added Pin To Net: NetName=+5 Pin=AND3-14
Added Pin To Net: NetName=CLK Pin=CLK-1
Added Pin To Net: NetName=GND Pin=CLK-2
Added Pin To Net: NetName=VCC Pin=FFD-1
Added Pin To Net: NetName=D1 Pin=FFD-2
Added Pin To Net: NetName=CLK Pin=FFD-3
Added Pin To Net: NetName=VCC Pin=FFD-4
Added Pin To Net: NetName=Q1 Pin=FFD-5
Added Pin To Net: NetName=Q1N Pin=FFD-6
Added Pin To Net: NetName=GND Pin=FFD-7
Added Pin To Net: NetName=Q2N Pin=FFD-8
Added Pin To Net: NetName=Q2 Pin=FFD-9
Added Pin To Net: NetName=VCC Pin=FFD-10
Added Pin To Net: NetName=CLK Pin=FFD-11
Added Pin To Net: NetName=D2 Pin=FFD-12
Added Pin To Net: NetName=VCC Pin=FFD-13
Added Pin To Net: NetName=+5 Pin=FFD-14
Added Pin To Net: NetName=OUTPUT Pin=INOUT-1
Added Pin To Net: NetName=INPUT Pin=INOUT-2
Added Pin To Net: NetName=INPUT Pin=MOSFET1-1
Added Pin To Net: NetName=W Pin=MOSFET1-2
Added Pin To Net: NetName=GND Pin=MOSFET1-3
Added Pin To Net: NetName=OUTN Pin=MOSFET2-1
Added Pin To Net: NetName=OUTPUT Pin=MOSFET2-2
Added Pin To Net: NetName=GND Pin=MOSFET2-3
Added Pin To Net: NetName=O1 Pin=OR-1
Added Pin To Net: NetName=O2 Pin=OR-2
Added Pin To Net: NetName=D1 Pin=OR-3
Added Pin To Net: NetName=Q1N Pin=OR-4
Added Pin To Net: NetName=Q2 Pin=OR-5
Added Pin To Net: NetName=OUTN Pin=OR-6
Added Pin To Net: NetName=GND Pin=OR-7
Added Pin To Net: NetName=+5 Pin=OR-14
Added Pin To Net: NetName=W Pin=R1-1
Added Pin To Net: NetName=VCC Pin=R1-2
Added Pin To Net: NetName=OUTPUT Pin=R2-1
Added Pin To Net: NetName=+5 Pin=R2-2
Added Member To Class: ClassName=Schematic Member=Component 3.3V BORNERA 2
Added Member To Class: ClassName=Schematic Member=Component 5V BORNERA 2
Added Member To Class: ClassName=Schematic Member=Component AND3 74HC11
Added Member To Class: ClassName=Schematic Member=Component CLK BORNERA 2
Added Member To Class: ClassName=Schematic Member=Component FFD 74HC74
Added Member To Class: ClassName=Schematic Member=Component INOUT CON2
Added Member To Class: ClassName=Schematic Member=Component MOSFET1 TRANSISTOR PNP
Added Member To Class: ClassName=Schematic Member=Component MOSFET2 TRANSISTOR PNP
Added Member To Class: ClassName=Schematic Member=Component OR 74HC32
Added Member To Class: ClassName=Schematic Member=Component R1 10K
Added Member To Class: ClassName=Schematic Member=Component R2 10K
Added Room: Name=Schematic
