Removed Pin From Net: NetName=b Pin=AND-1
Removed Pin From Net: NetName=B2 Pin=AND-6
Removed Pin From Net: NetName=B1 Pin=AND-8
Removed Pin From Net: NetName=a Pin=AND-13
Removed Pin From Net: NetName=UP Pin=TOGGLE-5
Removed Pin From Net: NetName=nUP Pin=TOGGLE-6
Removed Pin From Net: NetName=Vin Pin=TOGGLE-8
Removed Pin From Net: NetName=HALF_Indicator Pin=TOGGLE-9
Removed Pin From Net: NetName=nReset Pin=TOGGLE-10
Removed Pin From Net: NetName=Vin Pin=TOGGLE-11
Added Pin To Net: NetName=a Pin=AND-1
Added Pin To Net: NetName=B1 Pin=AND-6
Added Pin To Net: NetName=B2 Pin=AND-8
Added Pin To Net: NetName=b Pin=AND-13
Added Pin To Net: NetName=Vin Pin=TOGGLE-1
Added Pin To Net: NetName=nUP Pin=TOGGLE-2
Added Pin To Net: NetName=UP Pin=TOGGLE-3
Added Pin To Net: NetName=Vin Pin=TOGGLE-4
Added Pin To Net: NetName=HALF_Indicator Pin=TOGGLE-12
Added Pin To Net: NetName=nReset Pin=TOGGLE-13
Change Net Name : Old Net Name=c New Net Name=d
Change Net Name : Old Net Name=d New Net Name=c
Added Member To Class: ClassName=tank_control Member=Component B1 LED
Added Member To Class: ClassName=tank_control Member=Component RB1 220
Added Room: Name=tank_control
