#! /usr/bin/vvp
:ivl_version "0.9.7 " "(v0_9_7)";
:vpi_time_precision + 0;
:vpi_module "system";
:vpi_module "v2005_math";
:vpi_module "va_math";
S_0x1560690 .scope module, "tank_ctrl_tb" "tank_ctrl_tb" 2 3;
 .timescale 0 0;
v0x15c1050_0 .net "B1", 0 0, v0x15c06a0_0; 1 drivers
v0x15c10f0_0 .net "B2", 0 0, v0x15c0760_0; 1 drivers
v0x15c11a0_0 .var "I", 0 0;
v0x15c1250_0 .var "S", 0 0;
v0x15c1330_0 .var "clk", 0 0;
v0x15c13e0_0 .var "reset", 0 0;
S_0x1560780 .scope module, "test_module" "tank_ctrl" 2 11, 3 1, S_0x1560690;
 .timescale 0 0;
P_0x1560878 .param/l "EMTPY" 3 29, C4<00>;
P_0x15608a0 .param/l "ERROR" 3 30, C4<01>;
P_0x15608c8 .param/l "FULL" 3 27, C4<11>;
P_0x15608f0 .param/l "HALF" 3 28, C4<10>;
L_0x15c0d80 .functor AND 1, L_0x15c1610, L_0x15c17f0, C4<1>, C4<1>;
v0x15c06a0_0 .var "B1", 0 0;
v0x15c0760_0 .var "B2", 0 0;
v0x15c0800_0 .net "I", 0 0, v0x15c11a0_0; 1 drivers
v0x15c08a0_0 .net "S", 0 0, v0x15c1250_0; 1 drivers
v0x15c0950_0 .net "T", 0 0, L_0x15c0d80; 1 drivers
v0x15c09f0_0 .net *"_s4", 0 0, L_0x15c1610; 1 drivers
v0x15c0ad0_0 .net *"_s6", 0 0, L_0x15c1750; 1 drivers
v0x15c0b70_0 .net *"_s8", 0 0, L_0x15c17f0; 1 drivers
v0x15c0c60_0 .net "clk", 0 0, v0x15c1330_0; 1 drivers
v0x15c0d00_0 .var "curr_state", 1 0;
v0x15c0e00_0 .net "next_state", 1 0, L_0x15c1460; 1 drivers
v0x15c0ea0_0 .net "reset", 0 0, v0x15c13e0_0; 1 drivers
v0x15c0fb0_0 .var "use_pump", 0 0;
E_0x158b860/0 .event edge, v0x15c0ea0_0;
E_0x158b860/1 .event negedge, v0x15c0950_0;
E_0x158b860 .event/or E_0x158b860/0, E_0x158b860/1;
E_0x15a20e0 .event edge, v0x15c0ea0_0, v0x15c0800_0, v0x15c08a0_0, v0x15c0fb0_0;
E_0x1560100/0 .event edge, v0x15c0ea0_0;
E_0x1560100/1 .event posedge, v0x15c0c60_0;
E_0x1560100 .event/or E_0x1560100/0, E_0x1560100/1;
L_0x15c1460 .ufunc TD_tank_ctrl_tb.test_module.fsm_tank, 2, v0x15c0d00_0, v0x15c11a0_0, v0x15c1250_0 (v0x15c0550_0, v0x1587350_0, v0x15c04b0_0) v0x15c05f0_0 S_0x158ec60;
L_0x15c1610 .part v0x15c0d00_0, 0, 1;
L_0x15c1750 .part v0x15c0d00_0, 1, 1;
L_0x15c17f0 .reduce/nor L_0x15c1750;
S_0x158ec60 .scope function, "fsm_tank" "fsm_tank" 3 36, 3 36, S_0x1560780;
 .timescale 0 0;
v0x1587350_0 .var "I", 0 0;
v0x15c04b0_0 .var "S", 0 0;
v0x15c0550_0 .var "curr_state", 1 0;
v0x15c05f0_0 .var "fsm_tank", 1 0;
TD_tank_ctrl_tb.test_module.fsm_tank ;
    %load/v 8, v0x15c0550_0, 2;
    %cmpi/u 8, 3, 2;
    %jmp/1 T_0.0, 6;
    %cmpi/u 8, 2, 2;
    %jmp/1 T_0.1, 6;
    %cmpi/u 8, 0, 2;
    %jmp/1 T_0.2, 6;
    %cmpi/u 8, 1, 2;
    %jmp/1 T_0.3, 6;
    %set/v v0x15c05f0_0, 1, 2;
    %jmp T_0.5;
T_0.0 ;
    %load/v 8, v0x1587350_0, 1;
    %cmpi/u 8, 0, 1;
    %mov 8, 4, 1;
    %load/v 9, v0x15c04b0_0, 1;
    %cmpi/u 9, 0, 1;
    %mov 9, 4, 1;
    %and 8, 9, 1;
    %jmp/0xz  T_0.6, 8;
    %set/v v0x15c05f0_0, 0, 2;
    %jmp T_0.7;
T_0.6 ;
    %load/v 8, v0x1587350_0, 1;
    %load/v 9, v0x15c04b0_0, 1;
    %cmpi/u 9, 0, 1;
    %mov 9, 4, 1;
    %and 8, 9, 1;
    %jmp/0xz  T_0.8, 8;
    %movi 8, 2, 2;
    %set/v v0x15c05f0_0, 8, 2;
    %jmp T_0.9;
T_0.8 ;
    %load/v 8, v0x1587350_0, 1;
    %load/v 9, v0x15c04b0_0, 1;
    %and 8, 9, 1;
    %jmp/0xz  T_0.10, 8;
    %set/v v0x15c05f0_0, 1, 2;
    %jmp T_0.11;
T_0.10 ;
    %load/v 8, v0x1587350_0, 1;
    %cmpi/u 8, 0, 1;
    %mov 8, 4, 1;
    %load/v 9, v0x15c04b0_0, 1;
    %and 8, 9, 1;
    %jmp/0xz  T_0.12, 8;
    %movi 8, 1, 2;
    %set/v v0x15c05f0_0, 8, 2;
T_0.12 ;
T_0.11 ;
T_0.9 ;
T_0.7 ;
    %jmp T_0.5;
T_0.1 ;
    %load/v 8, v0x1587350_0, 1;
    %cmpi/u 8, 0, 1;
    %mov 8, 4, 1;
    %load/v 9, v0x15c04b0_0, 1;
    %cmpi/u 9, 0, 1;
    %mov 9, 4, 1;
    %and 8, 9, 1;
    %jmp/0xz  T_0.14, 8;
    %set/v v0x15c05f0_0, 0, 2;
    %jmp T_0.15;
T_0.14 ;
    %load/v 8, v0x1587350_0, 1;
    %load/v 9, v0x15c04b0_0, 1;
    %cmpi/u 9, 0, 1;
    %mov 9, 4, 1;
    %and 8, 9, 1;
    %jmp/0xz  T_0.16, 8;
    %movi 8, 2, 2;
    %set/v v0x15c05f0_0, 8, 2;
    %jmp T_0.17;
T_0.16 ;
    %load/v 8, v0x1587350_0, 1;
    %load/v 9, v0x15c04b0_0, 1;
    %and 8, 9, 1;
    %jmp/0xz  T_0.18, 8;
    %set/v v0x15c05f0_0, 1, 2;
    %jmp T_0.19;
T_0.18 ;
    %load/v 8, v0x1587350_0, 1;
    %cmpi/u 8, 0, 1;
    %mov 8, 4, 1;
    %load/v 9, v0x15c04b0_0, 1;
    %and 8, 9, 1;
    %jmp/0xz  T_0.20, 8;
    %movi 8, 1, 2;
    %set/v v0x15c05f0_0, 8, 2;
T_0.20 ;
T_0.19 ;
T_0.17 ;
T_0.15 ;
    %jmp T_0.5;
T_0.2 ;
    %load/v 8, v0x1587350_0, 1;
    %cmpi/u 8, 0, 1;
    %mov 8, 4, 1;
    %load/v 9, v0x15c04b0_0, 1;
    %cmpi/u 9, 0, 1;
    %mov 9, 4, 1;
    %and 8, 9, 1;
    %jmp/0xz  T_0.22, 8;
    %set/v v0x15c05f0_0, 0, 2;
    %jmp T_0.23;
T_0.22 ;
    %load/v 8, v0x1587350_0, 1;
    %load/v 9, v0x15c04b0_0, 1;
    %cmpi/u 9, 0, 1;
    %mov 9, 4, 1;
    %and 8, 9, 1;
    %jmp/0xz  T_0.24, 8;
    %movi 8, 2, 2;
    %set/v v0x15c05f0_0, 8, 2;
    %jmp T_0.25;
T_0.24 ;
    %load/v 8, v0x1587350_0, 1;
    %load/v 9, v0x15c04b0_0, 1;
    %and 8, 9, 1;
    %jmp/0xz  T_0.26, 8;
    %set/v v0x15c05f0_0, 1, 2;
    %jmp T_0.27;
T_0.26 ;
    %load/v 8, v0x1587350_0, 1;
    %cmpi/u 8, 0, 1;
    %mov 8, 4, 1;
    %load/v 9, v0x15c04b0_0, 1;
    %and 8, 9, 1;
    %jmp/0xz  T_0.28, 8;
    %movi 8, 1, 2;
    %set/v v0x15c05f0_0, 8, 2;
T_0.28 ;
T_0.27 ;
T_0.25 ;
T_0.23 ;
    %jmp T_0.5;
T_0.3 ;
    %load/v 8, v0x1587350_0, 1;
    %cmpi/u 8, 0, 1;
    %mov 8, 4, 1;
    %load/v 9, v0x15c04b0_0, 1;
    %cmpi/u 9, 0, 1;
    %mov 9, 4, 1;
    %and 8, 9, 1;
    %jmp/0xz  T_0.30, 8;
    %set/v v0x15c05f0_0, 0, 2;
    %jmp T_0.31;
T_0.30 ;
    %load/v 8, v0x1587350_0, 1;
    %load/v 9, v0x15c04b0_0, 1;
    %cmpi/u 9, 0, 1;
    %mov 9, 4, 1;
    %and 8, 9, 1;
    %jmp/0xz  T_0.32, 8;
    %movi 8, 2, 2;
    %set/v v0x15c05f0_0, 8, 2;
    %jmp T_0.33;
T_0.32 ;
    %load/v 8, v0x1587350_0, 1;
    %load/v 9, v0x15c04b0_0, 1;
    %and 8, 9, 1;
    %jmp/0xz  T_0.34, 8;
    %set/v v0x15c05f0_0, 1, 2;
    %jmp T_0.35;
T_0.34 ;
    %load/v 8, v0x1587350_0, 1;
    %cmpi/u 8, 0, 1;
    %mov 8, 4, 1;
    %load/v 9, v0x15c04b0_0, 1;
    %and 8, 9, 1;
    %jmp/0xz  T_0.36, 8;
    %movi 8, 1, 2;
    %set/v v0x15c05f0_0, 8, 2;
T_0.36 ;
T_0.35 ;
T_0.33 ;
T_0.31 ;
    %jmp T_0.5;
T_0.5 ;
    %end;
S_0x15a1b60 .scope begin, "FSM_SEQ" "FSM_SEQ" 3 95, 3 95, S_0x1560780;
 .timescale 0 0;
S_0x15a1a70 .scope begin, "OUTPUT_LOGIC" "OUTPUT_LOGIC" 3 106, 3 106, S_0x1560780;
 .timescale 0 0;
    .scope S_0x1560780;
T_1 ;
    %wait E_0x1560100;
    %fork t_1, S_0x15a1b60;
    %jmp t_0;
    .scope S_0x15a1b60;
t_1 ;
    %load/v 8, v0x15c0ea0_0, 1;
    %jmp/0xz  T_1.0, 8;
    %ix/load 0, 2, 0;
    %assign/v0 v0x15c0d00_0, 1, 1;
    %jmp T_1.1;
T_1.0 ;
    %load/v 8, v0x15c0e00_0, 2;
    %ix/load 0, 2, 0;
    %assign/v0 v0x15c0d00_0, 1, 8;
T_1.1 ;
    %end;
    .scope S_0x1560780;
t_0 %join;
    %jmp T_1;
    .thread T_1;
    .scope S_0x1560780;
T_2 ;
    %wait E_0x15a20e0;
    %fork t_3, S_0x15a1a70;
    %jmp t_2;
    .scope S_0x15a1a70;
t_3 ;
    %load/v 8, v0x15c0ea0_0, 1;
    %jmp/0xz  T_2.0, 8;
    %ix/load 0, 1, 0;
    %assign/v0 v0x15c06a0_0, 1, 0;
    %ix/load 0, 1, 0;
    %assign/v0 v0x15c0760_0, 1, 0;
    %ix/load 0, 1, 0;
    %assign/v0 v0x15c0fb0_0, 1, 1;
    %jmp T_2.1;
T_2.0 ;
    %load/v 8, v0x15c0800_0, 1;
    %cmpi/u 8, 0, 1;
    %mov 8, 4, 1;
    %load/v 9, v0x15c08a0_0, 1;
    %cmpi/u 9, 0, 1;
    %mov 9, 4, 1;
    %and 8, 9, 1;
    %jmp/0xz  T_2.2, 8;
    %ix/load 0, 1, 0;
    %assign/v0 v0x15c06a0_0, 1, 1;
    %ix/load 0, 1, 0;
    %assign/v0 v0x15c0760_0, 1, 1;
    %jmp T_2.3;
T_2.2 ;
    %load/v 8, v0x15c0800_0, 1;
    %cmpi/u 8, 0, 1;
    %mov 8, 4, 1;
    %load/v 9, v0x15c08a0_0, 1;
    %and 8, 9, 1;
    %jmp/0xz  T_2.4, 8;
    %ix/load 0, 1, 0;
    %assign/v0 v0x15c06a0_0, 1, 0;
    %ix/load 0, 1, 0;
    %assign/v0 v0x15c0760_0, 1, 0;
    %jmp T_2.5;
T_2.4 ;
    %load/v 8, v0x15c0800_0, 1;
    %load/v 9, v0x15c08a0_0, 1;
    %and 8, 9, 1;
    %jmp/0xz  T_2.6, 8;
    %ix/load 0, 1, 0;
    %assign/v0 v0x15c06a0_0, 1, 0;
    %ix/load 0, 1, 0;
    %assign/v0 v0x15c0760_0, 1, 0;
    %jmp T_2.7;
T_2.6 ;
    %load/v 8, v0x15c0800_0, 1;
    %load/v 9, v0x15c08a0_0, 1;
    %cmpi/u 9, 0, 1;
    %mov 9, 4, 1;
    %and 8, 9, 1;
    %jmp/0xz  T_2.8, 8;
    %load/v 8, v0x15c0fb0_0, 1;
    %inv 8, 1;
    %ix/load 0, 1, 0;
    %assign/v0 v0x15c06a0_0, 1, 8;
    %load/v 8, v0x15c0fb0_0, 1;
    %ix/load 0, 1, 0;
    %assign/v0 v0x15c0760_0, 1, 8;
T_2.8 ;
T_2.7 ;
T_2.5 ;
T_2.3 ;
T_2.1 ;
    %end;
    .scope S_0x1560780;
t_2 %join;
    %jmp T_2;
    .thread T_2, $push;
    .scope S_0x1560780;
T_3 ;
    %wait E_0x158b860;
    %load/v 8, v0x15c0ea0_0, 1;
    %jmp/0xz  T_3.0, 8;
    %ix/load 0, 1, 0;
    %assign/v0 v0x15c0fb0_0, 1, 1;
T_3.0 ;
    %load/v 8, v0x15c0fb0_0, 1;
    %inv 8, 1;
    %ix/load 0, 1, 0;
    %assign/v0 v0x15c0fb0_0, 1, 8;
    %jmp T_3;
    .thread T_3;
    .scope S_0x1560690;
T_4 ;
    %set/v v0x15c1330_0, 0, 1;
    %set/v v0x15c11a0_0, 0, 1;
    %set/v v0x15c1250_0, 0, 1;
    %set/v v0x15c13e0_0, 1, 1;
    %delay 5, 0;
    %set/v v0x15c13e0_0, 0, 1;
    %end;
    .thread T_4;
    .scope S_0x1560690;
T_5 ;
    %delay 5, 0;
    %load/v 8, v0x15c1330_0, 1;
    %inv 8, 1;
    %set/v v0x15c1330_0, 8, 1;
    %jmp T_5;
    .thread T_5;
    .scope S_0x1560690;
T_6 ;
    %vpi_call 2 33 "$dumpfile", "tank.vcd";
    %vpi_call 2 34 "$dumpvars";
    %end;
    .thread T_6;
    .scope S_0x1560690;
T_7 ;
    %vpi_call 2 38 "$display", "Clk \011I \011S \011B1 \011B2";
    %vpi_call 2 39 "$monitor", "%b\011%b\011%b\011%b\011%b", v0x15c1330_0, v0x15c11a0_0, v0x15c1250_0, v0x15c1050_0, v0x15c10f0_0;
    %end;
    .thread T_7;
    .scope S_0x1560690;
T_8 ;
    %set/v v0x15c11a0_0, 0, 1;
    %set/v v0x15c1250_0, 0, 1;
    %delay 10, 0;
    %set/v v0x15c11a0_0, 1, 1;
    %set/v v0x15c1250_0, 0, 1;
    %delay 10, 0;
    %set/v v0x15c11a0_0, 0, 1;
    %set/v v0x15c1250_0, 0, 1;
    %delay 10, 0;
    %set/v v0x15c11a0_0, 1, 1;
    %set/v v0x15c1250_0, 0, 1;
    %delay 10, 0;
    %set/v v0x15c11a0_0, 0, 1;
    %set/v v0x15c1250_0, 0, 1;
    %delay 10, 0;
    %set/v v0x15c11a0_0, 1, 1;
    %set/v v0x15c1250_0, 0, 1;
    %delay 10, 0;
    %set/v v0x15c11a0_0, 1, 1;
    %set/v v0x15c1250_0, 1, 1;
    %delay 10, 0;
    %set/v v0x15c11a0_0, 1, 1;
    %set/v v0x15c1250_0, 0, 1;
    %delay 10, 0;
    %set/v v0x15c11a0_0, 1, 1;
    %set/v v0x15c1250_0, 1, 1;
    %delay 10, 0;
    %set/v v0x15c11a0_0, 1, 1;
    %set/v v0x15c1250_0, 0, 1;
    %delay 10, 0;
    %set/v v0x15c11a0_0, 0, 1;
    %set/v v0x15c1250_0, 0, 1;
    %delay 10, 0;
    %set/v v0x15c11a0_0, 1, 1;
    %set/v v0x15c1250_0, 0, 1;
    %delay 50, 0;
    %set/v v0x15c11a0_0, 1, 1;
    %set/v v0x15c1250_0, 1, 1;
    %end;
    .thread T_8;
    .scope S_0x1560690;
T_9 ;
    %delay 200, 0;
    %vpi_call 2 60 "$finish";
    %end;
    .thread T_9;
# The file index is used to find the file name in the following table.
:file_names 4;
    "N/A";
    "<interactive>";
    "tank_ctrl_tb.v";
    "././tank_ctrl.v";
